0 info it worked if it ends with ok
1 verbose cli [ 'node',
1 verbose cli   '/usr/local/bin/npm',
1 verbose cli   'install',
1 verbose cli   'gem',
1 verbose cli   'install',
1 verbose cli   'sass' ]
2 info using npm@1.3.24
3 info using node@v0.10.25
4 warn package.json @ No repository field.
5 verbose readDependencies using package.json deps
6 verbose cache add [ 'gem', null ]
7 verbose cache add name=undefined spec="gem" args=["gem",null]
8 verbose parsed url { protocol: null,
8 verbose parsed url   slashes: null,
8 verbose parsed url   auth: null,
8 verbose parsed url   host: null,
8 verbose parsed url   port: null,
8 verbose parsed url   hostname: null,
8 verbose parsed url   hash: null,
8 verbose parsed url   search: null,
8 verbose parsed url   query: null,
8 verbose parsed url   pathname: 'gem',
8 verbose parsed url   path: 'gem',
8 verbose parsed url   href: 'gem' }
9 verbose cache add [ 'install', null ]
10 verbose cache add name=undefined spec="install" args=["install",null]
11 verbose parsed url { protocol: null,
11 verbose parsed url   slashes: null,
11 verbose parsed url   auth: null,
11 verbose parsed url   host: null,
11 verbose parsed url   port: null,
11 verbose parsed url   hostname: null,
11 verbose parsed url   hash: null,
11 verbose parsed url   search: null,
11 verbose parsed url   query: null,
11 verbose parsed url   pathname: 'install',
11 verbose parsed url   path: 'install',
11 verbose parsed url   href: 'install' }
12 verbose cache add [ 'sass', null ]
13 verbose cache add name=undefined spec="sass" args=["sass",null]
14 verbose parsed url { protocol: null,
14 verbose parsed url   slashes: null,
14 verbose parsed url   auth: null,
14 verbose parsed url   host: null,
14 verbose parsed url   port: null,
14 verbose parsed url   hostname: null,
14 verbose parsed url   hash: null,
14 verbose parsed url   search: null,
14 verbose parsed url   query: null,
14 verbose parsed url   pathname: 'sass',
14 verbose parsed url   path: 'sass',
14 verbose parsed url   href: 'sass' }
15 silly lockFile f2185b78-gem gem
16 verbose lock gem /Users/cy-nike/.npm/f2185b78-gem.lock
17 silly lockFile 89fb511f-install install
18 verbose lock install /Users/cy-nike/.npm/89fb511f-install.lock
19 silly lockFile 5d7463cd-sass sass
20 verbose lock sass /Users/cy-nike/.npm/5d7463cd-sass.lock
21 silly lockFile f2185b78-gem gem
22 silly lockFile f2185b78-gem gem
23 silly lockFile 89fb511f-install install
24 silly lockFile 89fb511f-install install
25 silly lockFile 5d7463cd-sass sass
26 silly lockFile 5d7463cd-sass sass
27 verbose addNamed [ 'gem', '' ]
28 verbose addNamed [ null, '*' ]
29 silly lockFile a37db760-gem gem@
30 verbose lock gem@ /Users/cy-nike/.npm/a37db760-gem.lock
31 verbose addNamed [ 'install', '' ]
32 verbose addNamed [ null, '*' ]
33 silly lockFile cadb329f-install install@
34 verbose lock install@ /Users/cy-nike/.npm/cadb329f-install.lock
35 verbose addNamed [ 'sass', '' ]
36 verbose addNamed [ null, '*' ]
37 silly lockFile abea0ec1-sass sass@
38 verbose lock sass@ /Users/cy-nike/.npm/abea0ec1-sass.lock
39 silly addNameRange { name: 'gem', range: '*', hasData: false }
40 silly addNameRange { name: 'install', range: '*', hasData: false }
41 verbose url raw gem
42 verbose url resolving [ 'https://registry.npmjs.org/', './gem' ]
43 verbose url resolved https://registry.npmjs.org/gem
44 info trying registry request attempt 1 at 17:06:34
45 http GET https://registry.npmjs.org/gem
46 verbose url raw install
47 verbose url resolving [ 'https://registry.npmjs.org/', './install' ]
48 verbose url resolved https://registry.npmjs.org/install
49 info trying registry request attempt 1 at 17:06:34
50 http GET https://registry.npmjs.org/install
51 silly addNameRange { name: 'sass', range: '*', hasData: false }
52 verbose url raw sass
53 verbose url resolving [ 'https://registry.npmjs.org/', './sass' ]
54 verbose url resolved https://registry.npmjs.org/sass
55 info trying registry request attempt 1 at 17:06:34
56 http GET https://registry.npmjs.org/sass
57 http 200 https://registry.npmjs.org/install
58 silly registry.get cb [ 200,
58 silly registry.get   { date: 'Tue, 08 Jul 2014 09:06:35 GMT',
58 silly registry.get     server: 'CouchDB/1.5.0 (Erlang OTP/R16B03)',
58 silly registry.get     etag: '"CQAP2GMDM44DTZWNHOJZ5ZO4C"',
58 silly registry.get     'content-type': 'application/json',
58 silly registry.get     'cache-control': 'max-age=30',
58 silly registry.get     'content-length': '27648',
58 silly registry.get     'accept-ranges': 'bytes',
58 silly registry.get     via: '1.1 varnish',
58 silly registry.get     age: '368',
58 silly registry.get     'x-served-by': 'cache-hk92-HKG',
58 silly registry.get     'x-cache': 'MISS',
58 silly registry.get     'x-cache-hits': '0',
58 silly registry.get     'x-timer': 'S1404810395.010500,VS0,VE187',
58 silly registry.get     vary: 'Accept',
58 silly registry.get     'keep-alive': 'timeout=10, max=50',
58 silly registry.get     connection: 'Keep-Alive' } ]
59 http 404 https://registry.npmjs.org/gem
60 silly registry.get cb [ 404,
60 silly registry.get   { date: 'Tue, 08 Jul 2014 09:06:35 GMT',
60 silly registry.get     server: 'CouchDB/1.5.0 (Erlang OTP/R16B03)',
60 silly registry.get     'content-type': 'application/json',
60 silly registry.get     'cache-control': 'max-age=0',
60 silly registry.get     'content-length': '52',
60 silly registry.get     'accept-ranges': 'bytes',
60 silly registry.get     via: '1.1 varnish',
60 silly registry.get     age: '0',
60 silly registry.get     'x-served-by': 'cache-hk93-HKG',
60 silly registry.get     'x-cache': 'MISS',
60 silly registry.get     'x-cache-hits': '0',
60 silly registry.get     'x-timer': 'S1404810394.994441,VS0,VE237',
60 silly registry.get     'keep-alive': 'timeout=10, max=50',
60 silly registry.get     connection: 'Keep-Alive' } ]
61 silly lockFile a37db760-gem gem@
62 silly lockFile a37db760-gem gem@
63 error 404 'gem' is not in the npm registry.
63 error 404 You should bug the author to publish it
63 error 404
63 error 404 Note that you can also install from a
63 error 404 tarball, folder, or http url, or git url.
64 error System Darwin 13.2.0
65 error command "node" "/usr/local/bin/npm" "install" "gem" "install" "sass"
66 error cwd /Users/cy-nike/Documents/Devloper/ilaw
67 error node -v v0.10.25
68 error npm -v 1.3.24
69 error code E404
70 verbose exit [ 1, true ]
